<?xml version="1.0" encoding="UTF-8"?>
<!-- Generated by org.testng.reporters.JUnitXMLReporter -->
<testsuite hostname="NL-C02YF21DJGH5" ignored="0" name="Sanity" tests="5" failures="2" timestamp="19 Jul 2020 09:16:55 GMT" time="5.56" errors="0">
  <testcase name="RunScenario" time="1.315" classname="MyRunner.TestRunner">
    <failure type="java.lang.AssertionError" message="expected [200] but found [404]">
      <![CDATA[java.lang.AssertionError: expected [200] but found [404]
at utils.ComonServiceLib.validateStatusCode(ComonServiceLib.java:153)
at stepDefinitions.PetStepDef.validate_the_status_code(PetStepDef.java:52)
at ✽.validate the status code as 200(src/test/java/Features/petCRUD.feature:8)
... Removed 6 stack frames]]>
    </failure>
  </testcase> <!-- RunScenario -->
  <testcase name="RunScenario" time="1.007" classname="MyRunner.TestRunner"/>
  <testcase name="RunScenario" time="1.246" classname="MyRunner.TestRunner"/>
  <testcase name="RunScenario" time="1.21" classname="MyRunner.TestRunner">
    <failure type="java.lang.AssertionError" message="expected [] but found [{&amp;quot;code&amp;quot;:200,&amp;quot;type&amp;quot;:&amp;quot;unknown&amp;quot;,&amp;quot;message&amp;quot;:&amp;quot;4890&amp;quot;}]">
      <![CDATA[java.lang.AssertionError: expected [] but found [{"code":200,"type":"unknown","message":"4890"}]
at stepDefinitions.PetStepDef.validate_expected_response(PetStepDef.java:87)
at ✽.validate expected response is empty(src/test/java/Features/petCRUD.feature:83)
... Removed 6 stack frames]]>
    </failure>
  </testcase> <!-- RunScenario -->
  <testcase name="RunScenario" time="0.597" classname="MyRunner.TestRunner"/>
</testsuite> <!-- Sanity -->
