<!DOCTYPE html PUBLIC "-//W3C//DTD XHTML 1.1//EN" "http://www.w3.org/TR/xhtml11/DTD/xhtml11.dtd">
<html xmlns="http://www.w3.org/1999/xhtml">
<head>
<meta http-equiv="content-type" content="text/html; charset=UTF-8"/>
<title>TestNG Report</title>
<style type="text/css">table {margin-bottom:10px;border-collapse:collapse;empty-cells:show}th,td {border:1px solid #009;padding:.25em .5em}th {vertical-align:bottom}td {vertical-align:top}table a {font-weight:bold}.stripe td {background-color: #E6EBF9}.num {text-align:right}.passedodd td {background-color: #3F3}.passedeven td {background-color: #0A0}.skippedodd td {background-color: #DDD}.skippedeven td {background-color: #CCC}.failedodd td,.attn {background-color: #F33}.failedeven td,.stripe .attn {background-color: #D00}.stacktrace {white-space:pre;font-family:monospace}.totop {font-size:85%;text-align:center;border-bottom:2px solid #000}.invisible {display:none}</style>
</head>
<body>
<table>
<tr><th>Test</th><th># Passed</th><th># Skipped</th><th># Failed</th><th>Time (ms)</th><th>Included Groups</th><th>Excluded Groups</th></tr>
<tr><th colspan="7">PET test siote</th></tr>
<tr><td><a href="#t0">Sanity</a></td><td class="num">3</td><td class="num">0</td><td class="num attn">2</td><td class="num">5,560</td><td></td><td></td></tr>
</table>
<table id='summary'><thead><tr><th>Class</th><th>Method</th><th>Start</th><th>Time (ms)</th></tr></thead><tbody><tr><th colspan="4">PET test siote</th></tr></tbody><tbody id="t0"><tr><th colspan="4">Sanity &#8212; failed</th></tr><tr class="failedeven"><td rowspan="2">MyRunner.TestRunner</td><td><a href="#m0">RunScenario</a></td><td rowspan="2">1595150210180</td><td rowspan="2">1315</td></tr><tr class="failedeven"><td><a href="#m1">RunScenario</a></td></tr><tr><th colspan="4">Sanity &#8212; passed</th></tr><tr class="passedeven"><td rowspan="3">MyRunner.TestRunner</td><td><a href="#m2">RunScenario</a></td><td rowspan="3">1595150211496</td><td rowspan="3">1007</td></tr><tr class="passedeven"><td><a href="#m3">RunScenario</a></td></tr><tr class="passedeven"><td><a href="#m4">RunScenario</a></td></tr></tbody>
</table>
<h2>Sanity</h2><h3 id="m0">MyRunner.TestRunner#RunScenario</h3><table class="result"><tr class="param"><th>Parameter #1</th><th>Parameter #2</th></tr><tr class="param stripe"><td>&quot;&quot;</td><td>&quot;PET CRUD&quot;</td></tr><tr><th colspan="2">Messages</th></tr><tr><td colspan="2"><div class="messages"><div "result">user set param &#x2F;pet&#x2F;3310 (PASSED : 0s)</div><br/><div "result">user make GET call (PASSED : 1s)</div><br/><div "result">validate the status code as 200 (FAILED : 0s)</div><br/><div "result">validate json schema (SKIPPED)</div><br/><div "result">validate expected response (SKIPPED)</div></div></td></tr><tr><th colspan="2">Exception</th></tr><tr><td colspan="2"><div class="stacktrace">java.lang.AssertionError: expected [200] but found [404]
	at utils.ComonServiceLib.validateStatusCode(ComonServiceLib.java:153)
	at stepDefinitions.PetStepDef.validate_the_status_code(PetStepDef.java:52)
	at ✽.validate the status code as 200(src/test/java/Features/petCRUD.feature:8)
... Removed 6 stack frames</div></td></tr></table><p class="totop"><a href="#summary">back to summary</a></p>
<h3 id="m1">MyRunner.TestRunner#RunScenario</h3><table class="result"><tr class="param"><th>Parameter #1</th><th>Parameter #2</th></tr><tr class="param stripe"><td>&quot;&quot;</td><td>&quot;PET CRUD&quot;</td></tr><tr><th colspan="2">Messages</th></tr><tr><td colspan="2"><div class="messages"><div "result">user set param &#x2F;pet (PASSED : 0s)</div><br/><div "result">user set the request body with Dyanmic values in resquest body and expected response (PASSED : 0s)</div><br/><div "result">user make POST call (PASSED : 0s)</div><br/><div "result">validate the status code as 200 (PASSED : 0s)</div><br/><div "result">validate json schema (PASSED : 0s)</div><br/><div "result">validate response (PASSED : 0s)</div><br/><div "result">validate expected response (PASSED : 0s)</div><br/><div "result">user set param &#x2F;pet&#x2F;ExistingID (PASSED : 0s)</div><br/><div "result">user make DELETE call (PASSED : 0s)</div><br/><div "result">validate the status code as 200 (PASSED : 0s)</div><br/><div "result">validate expected response is empty (FAILED : 0s)</div></div></td></tr><tr><th colspan="2">Exception</th></tr><tr><td colspan="2"><div class="stacktrace">java.lang.AssertionError: expected [] but found [{&quot;code&quot;:200,&quot;type&quot;:&quot;unknown&quot;,&quot;message&quot;:&quot;4890&quot;}]
	at stepDefinitions.PetStepDef.validate_expected_response(PetStepDef.java:87)
	at ✽.validate expected response is empty(src/test/java/Features/petCRUD.feature:83)
... Removed 6 stack frames</div></td></tr></table><p class="totop"><a href="#summary">back to summary</a></p>
<h3 id="m2">MyRunner.TestRunner#RunScenario</h3><table class="result"><tr class="param"><th>Parameter #1</th><th>Parameter #2</th></tr><tr class="param stripe"><td>&quot;&quot;</td><td>&quot;PET CRUD&quot;</td></tr><tr><th colspan="2">Messages</th></tr><tr><td colspan="2"><div class="messages"><div "result">user set param &#x2F;pet (PASSED : 0s)</div><br/><div "result">user set the request body with Dyanmic values in resquest body and expected response (PASSED : 0s)</div><br/><div "result">user make POST call (PASSED : 0s)</div><br/><div "result">validate the status code as 200 (PASSED : 0s)</div><br/><div "result">validate json schema (PASSED : 0s)</div><br/><div "result">validate response (PASSED : 0s)</div><br/><div "result">validate expected response (PASSED : 0s)</div></div></td></tr></table><p class="totop"><a href="#summary">back to summary</a></p>
<h3 id="m3">MyRunner.TestRunner#RunScenario</h3><table class="result"><tr class="param"><th>Parameter #1</th><th>Parameter #2</th></tr><tr class="param stripe"><td>&quot;&quot;</td><td>&quot;PET CRUD&quot;</td></tr><tr><th colspan="2">Messages</th></tr><tr><td colspan="2"><div class="messages"><div "result">user set param &#x2F;pet (PASSED : 0s)</div><br/><div "result">user set the request body with Dyanmic values in resquest body and expected response (PASSED : 0s)</div><br/><div "result">user make PUT call (PASSED : 0s)</div><br/><div "result">validate the status code as 200 (PASSED : 0s)</div><br/><div "result">validate json schema (PASSED : 0s)</div><br/><div "result">validate response (PASSED : 0s)</div><br/><div "result">validate expected response (PASSED : 0s)</div><br/><div "result">user set param &#x2F;pet&#x2F;ExistingID (PASSED : 0s)</div><br/><div "result">user make GET call (PASSED : 0s)</div><br/><div "result">validate the status code as 200 (PASSED : 0s)</div><br/><div "result">validate json schema (PASSED : 0s)</div><br/><div "result">validate expected response (PASSED : 0s)</div></div></td></tr></table><p class="totop"><a href="#summary">back to summary</a></p>
<h3 id="m4">MyRunner.TestRunner#RunScenario</h3><table class="result"><tr class="param"><th>Parameter #1</th><th>Parameter #2</th></tr><tr class="param stripe"><td>&quot;&quot;</td><td>&quot;PET CRUD&quot;</td></tr><tr><th colspan="2">Messages</th></tr><tr><td colspan="2"><div class="messages"><div "result">user set param &#x2F;pet&#x2F;121212121345534 (PASSED : 0s)</div><br/><div "result">user make GET call (PASSED : 0s)</div><br/><div "result">validate the status code as 404 (PASSED : 0s)</div><br/><div "result">validate json schema (PASSED : 0s)</div><br/><div "result">validate error response (PASSED : 0s)</div><br/><div "result">validate expected response (PASSED : 0s)</div></div></td></tr></table><p class="totop"><a href="#summary">back to summary</a></p>
</body>
</html>
