<?xml version="1.0" encoding="UTF-8"?>
<!-- Generated by org.testng.reporters.JUnitReportReporter -->
<testsuite skipped="0" hostname="NL-C02YF21DJGH5" name="MyRunner.TestRunner" tests="5" failures="2" timestamp="19 Jul 2020 09:16:55 GMT" time="5.375" errors="0">
  <testcase name="RunScenario" time="1.315" classname="MyRunner.TestRunner">
    <failure type="java.lang.AssertionError" message="expected [200] but found [404]">
      <![CDATA[java.lang.AssertionError: expected [200] but found [404]
at org.testng.Assert.fail(Assert.java:96)
at org.testng.Assert.failNotEquals(Assert.java:776)
at org.testng.Assert.assertEqualsImpl(Assert.java:137)
at org.testng.Assert.assertEquals(Assert.java:118)
at org.testng.Assert.assertEquals(Assert.java:652)
at org.testng.Assert.assertEquals(Assert.java:662)
at utils.ComonServiceLib.validateStatusCode(ComonServiceLib.java:153)
at stepDefinitions.PetStepDef.validate_the_status_code(PetStepDef.java:52)
at ✽.validate the status code as 200(src/test/java/Features/petCRUD.feature:8)
]]>
    </failure>
  </testcase> <!-- RunScenario -->
  <testcase name="RunScenario" time="1.007" classname="MyRunner.TestRunner"/>
  <testcase name="RunScenario" time="1.246" classname="MyRunner.TestRunner"/>
  <testcase name="RunScenario" time="0.597" classname="MyRunner.TestRunner"/>
  <testcase name="RunScenario" time="1.210" classname="MyRunner.TestRunner">
    <failure type="java.lang.AssertionError" message="expected [] but found [{&quot;code&quot;:200,&quot;type&quot;:&quot;unknown&quot;,&quot;message&quot;:&quot;4890&quot;}]">
      <![CDATA[java.lang.AssertionError: expected [] but found [{"code":200,"type":"unknown","message":"4890"}]
at org.testng.Assert.fail(Assert.java:96)
at org.testng.Assert.failNotEquals(Assert.java:776)
at org.testng.Assert.assertEqualsImpl(Assert.java:137)
at org.testng.Assert.assertEquals(Assert.java:118)
at org.testng.Assert.assertEquals(Assert.java:453)
at org.testng.Assert.assertEquals(Assert.java:463)
at stepDefinitions.PetStepDef.validate_expected_response(PetStepDef.java:87)
at ✽.validate expected response is empty(src/test/java/Features/petCRUD.feature:83)
]]>
    </failure>
  </testcase> <!-- RunScenario -->
</testsuite> <!-- MyRunner.TestRunner -->
